1736266749.171446 client started (1196143): version 3.2a, socket /tmp/tmux-1000/default, protocol 8
1736266749.171517 on Linux 5.15.0-122-generic #132-Ubuntu SMP Thu Aug 29 13:45:52 UTC 2024
1736266749.171534 using libevent 2.1.12-stable (poll); ncurses 6.3
1736266749.171649 flags are 0x18010000
1736266749.171674 socket is /tmp/tmux-1000/default
1736266749.171725 trying connect
1736266749.171993 add peer 0x563e0bf31400: 6 ((nil))
1736266749.173208 sending message 100 to peer 0x563e0bf31400 (4 bytes)
1736266749.173236 sending message 111 to peer 0x563e0bf31400 (8 bytes)
1736266749.173251 sending message 101 to peer 0x563e0bf31400 (15 bytes)
1736266749.173265 sending message 109 to peer 0x563e0bf31400 (4 bytes)
1736266749.173279 sending message 102 to peer 0x563e0bf31400 (11 bytes)
1736266749.173293 sending message 108 to peer 0x563e0bf31400 (27 bytes)
1736266749.173308 sending message 112 to peer 0x563e0bf31400 (58 bytes)
1736266749.173322 sending message 112 to peer 0x563e0bf31400 (5 bytes)
1736266749.173335 sending message 112 to peer 0x563e0bf31400 (5 bytes)
1736266749.173349 sending message 112 to peer 0x563e0bf31400 (6 bytes)
1736266749.173362 sending message 112 to peer 0x563e0bf31400 (6 bytes)
1736266749.173375 sending message 112 to peer 0x563e0bf31400 (11 bytes)
1736266749.173389 sending message 112 to peer 0x563e0bf31400 (10 bytes)
1736266749.173402 sending message 112 to peer 0x563e0bf31400 (13 bytes)
1736266749.173415 sending message 112 to peer 0x563e0bf31400 (14 bytes)
1736266749.173428 sending message 112 to peer 0x563e0bf31400 (19 bytes)
1736266749.173441 sending message 112 to peer 0x563e0bf31400 (11 bytes)
1736266749.173454 sending message 112 to peer 0x563e0bf31400 (10 bytes)
1736266749.173467 sending message 112 to peer 0x563e0bf31400 (15 bytes)
1736266749.173481 sending message 112 to peer 0x563e0bf31400 (21 bytes)
1736266749.173494 sending message 112 to peer 0x563e0bf31400 (13 bytes)
1736266749.173507 sending message 112 to peer 0x563e0bf31400 (7 bytes)
1736266749.173521 sending message 112 to peer 0x563e0bf31400 (13 bytes)
1736266749.173534 sending message 112 to peer 0x563e0bf31400 (7 bytes)
1736266749.173547 sending message 112 to peer 0x563e0bf31400 (13 bytes)
1736266749.173560 sending message 112 to peer 0x563e0bf31400 (9 bytes)
1736266749.173574 sending message 112 to peer 0x563e0bf31400 (21 bytes)
1736266749.173587 sending message 112 to peer 0x563e0bf31400 (13 bytes)
1736266749.173601 sending message 112 to peer 0x563e0bf31400 (9 bytes)
1736266749.173614 sending message 112 to peer 0x563e0bf31400 (16 bytes)
1736266749.173627 sending message 112 to peer 0x563e0bf31400 (13 bytes)
1736266749.173640 sending message 112 to peer 0x563e0bf31400 (9 bytes)
1736266749.173653 sending message 112 to peer 0x563e0bf31400 (9 bytes)
1736266749.173667 sending message 112 to peer 0x563e0bf31400 (12 bytes)
1736266749.173680 sending message 112 to peer 0x563e0bf31400 (8 bytes)
1736266749.173693 sending message 112 to peer 0x563e0bf31400 (8 bytes)
1736266749.173706 sending message 112 to peer 0x563e0bf31400 (13 bytes)
1736266749.173719 sending message 112 to peer 0x563e0bf31400 (7 bytes)
1736266749.173732 sending message 112 to peer 0x563e0bf31400 (7 bytes)
1736266749.173745 sending message 112 to peer 0x563e0bf31400 (9 bytes)
1736266749.173758 sending message 112 to peer 0x563e0bf31400 (9 bytes)
1736266749.173771 sending message 112 to peer 0x563e0bf31400 (15 bytes)
1736266749.173784 sending message 112 to peer 0x563e0bf31400 (13 bytes)
1736266749.173797 sending message 112 to peer 0x563e0bf31400 (12 bytes)
1736266749.173810 sending message 112 to peer 0x563e0bf31400 (8 bytes)
1736266749.173824 sending message 112 to peer 0x563e0bf31400 (14 bytes)
1736266749.173837 sending message 112 to peer 0x563e0bf31400 (11 bytes)
1736266749.173850 sending message 112 to peer 0x563e0bf31400 (9 bytes)
1736266749.173863 sending message 112 to peer 0x563e0bf31400 (10 bytes)
1736266749.173877 sending message 112 to peer 0x563e0bf31400 (10 bytes)
1736266749.173890 sending message 112 to peer 0x563e0bf31400 (10 bytes)
1736266749.173904 sending message 112 to peer 0x563e0bf31400 (10 bytes)
1736266749.173937 sending message 112 to peer 0x563e0bf31400 (11 bytes)
1736266749.173950 sending message 112 to peer 0x563e0bf31400 (12 bytes)
1736266749.173963 sending message 112 to peer 0x563e0bf31400 (12 bytes)
1736266749.173977 sending message 112 to peer 0x563e0bf31400 (12 bytes)
1736266749.173989 sending message 112 to peer 0x563e0bf31400 (12 bytes)
1736266749.174002 sending message 112 to peer 0x563e0bf31400 (12 bytes)
1736266749.174015 sending message 112 to peer 0x563e0bf31400 (11 bytes)
1736266749.174028 sending message 112 to peer 0x563e0bf31400 (11 bytes)
1736266749.174041 sending message 112 to peer 0x563e0bf31400 (12 bytes)
1736266749.174060 sending message 112 to peer 0x563e0bf31400 (12 bytes)
1736266749.174082 sending message 112 to peer 0x563e0bf31400 (12 bytes)
1736266749.174096 sending message 112 to peer 0x563e0bf31400 (12 bytes)
1736266749.174109 sending message 112 to peer 0x563e0bf31400 (12 bytes)
1736266749.174122 sending message 112 to peer 0x563e0bf31400 (9 bytes)
1736266749.174136 sending message 112 to peer 0x563e0bf31400 (12 bytes)
1736266749.174148 sending message 112 to peer 0x563e0bf31400 (13 bytes)
1736266749.174161 sending message 112 to peer 0x563e0bf31400 (13 bytes)
1736266749.174174 sending message 112 to peer 0x563e0bf31400 (13 bytes)
1736266749.174187 sending message 112 to peer 0x563e0bf31400 (13 bytes)
1736266749.174200 sending message 112 to peer 0x563e0bf31400 (13 bytes)
1736266749.174213 sending message 112 to peer 0x563e0bf31400 (8 bytes)
1736266749.174227 sending message 112 to peer 0x563e0bf31400 (11 bytes)
1736266749.174240 sending message 112 to peer 0x563e0bf31400 (11 bytes)
1736266749.174252 sending message 112 to peer 0x563e0bf31400 (11 bytes)
1736266749.174266 sending message 112 to peer 0x563e0bf31400 (12 bytes)
1736266749.174279 sending message 112 to peer 0x563e0bf31400 (12 bytes)
1736266749.174293 sending message 112 to peer 0x563e0bf31400 (12 bytes)
1736266749.174307 sending message 112 to peer 0x563e0bf31400 (12 bytes)
1736266749.174320 sending message 112 to peer 0x563e0bf31400 (13 bytes)
1736266749.174334 sending message 112 to peer 0x563e0bf31400 (13 bytes)
1736266749.174347 sending message 112 to peer 0x563e0bf31400 (13 bytes)
1736266749.174360 sending message 112 to peer 0x563e0bf31400 (8 bytes)
1736266749.174375 sending message 112 to peer 0x563e0bf31400 (13 bytes)
1736266749.174389 sending message 112 to peer 0x563e0bf31400 (13 bytes)
1736266749.174403 sending message 112 to peer 0x563e0bf31400 (13 bytes)
1736266749.174417 sending message 112 to peer 0x563e0bf31400 (13 bytes)
1736266749.174431 sending message 112 to peer 0x563e0bf31400 (13 bytes)
1736266749.174445 sending message 112 to peer 0x563e0bf31400 (12 bytes)
1736266749.174459 sending message 112 to peer 0x563e0bf31400 (12 bytes)
1736266749.174472 sending message 112 to peer 0x563e0bf31400 (12 bytes)
1736266749.174486 sending message 112 to peer 0x563e0bf31400 (12 bytes)
1736266749.174500 sending message 112 to peer 0x563e0bf31400 (13 bytes)
1736266749.174513 sending message 112 to peer 0x563e0bf31400 (8 bytes)
1736266749.174527 sending message 112 to peer 0x563e0bf31400 (13 bytes)
1736266749.174541 sending message 112 to peer 0x563e0bf31400 (13 bytes)
1736266749.174556 sending message 112 to peer 0x563e0bf31400 (13 bytes)
1736266749.174570 sending message 112 to peer 0x563e0bf31400 (13 bytes)
1736266749.174585 sending message 112 to peer 0x563e0bf31400 (13 bytes)
1736266749.174599 sending message 112 to peer 0x563e0bf31400 (13 bytes)
1736266749.174614 sending message 112 to peer 0x563e0bf31400 (13 bytes)
1736266749.174628 sending message 112 to peer 0x563e0bf31400 (12 bytes)
1736266749.174643 sending message 112 to peer 0x563e0bf31400 (12 bytes)
1736266749.174657 sending message 112 to peer 0x563e0bf31400 (12 bytes)
1736266749.174684 sending message 112 to peer 0x563e0bf31400 (8 bytes)
1736266749.174719 sending message 112 to peer 0x563e0bf31400 (12 bytes)
1736266749.174754 sending message 112 to peer 0x563e0bf31400 (13 bytes)
1736266749.174781 sending message 112 to peer 0x563e0bf31400 (13 bytes)
1736266749.174833 sending message 112 to peer 0x563e0bf31400 (13 bytes)
1736266749.174859 sending message 112 to peer 0x563e0bf31400 (13 bytes)
1736266749.174883 sending message 112 to peer 0x563e0bf31400 (13 bytes)
1736266749.174908 sending message 112 to peer 0x563e0bf31400 (13 bytes)
1736266749.174935 sending message 112 to peer 0x563e0bf31400 (13 bytes)
1736266749.174962 sending message 112 to peer 0x563e0bf31400 (13 bytes)
1736266749.174985 sending message 112 to peer 0x563e0bf31400 (12 bytes)
1736266749.175000 sending message 112 to peer 0x563e0bf31400 (10 bytes)
1736266749.175015 sending message 112 to peer 0x563e0bf31400 (12 bytes)
1736266749.175029 sending message 112 to peer 0x563e0bf31400 (12 bytes)
1736266749.175043 sending message 112 to peer 0x563e0bf31400 (12 bytes)
1736266749.175056 sending message 112 to peer 0x563e0bf31400 (13 bytes)
1736266749.175071 sending message 112 to peer 0x563e0bf31400 (13 bytes)
1736266749.175085 sending message 112 to peer 0x563e0bf31400 (13 bytes)
1736266749.175117 sending message 112 to peer 0x563e0bf31400 (13 bytes)
1736266749.175158 sending message 112 to peer 0x563e0bf31400 (13 bytes)
1736266749.175186 sending message 112 to peer 0x563e0bf31400 (13 bytes)
1736266749.175210 sending message 112 to peer 0x563e0bf31400 (13 bytes)
1736266749.175233 sending message 112 to peer 0x563e0bf31400 (10 bytes)
1736266749.175256 sending message 112 to peer 0x563e0bf31400 (13 bytes)
1736266749.175281 sending message 112 to peer 0x563e0bf31400 (12 bytes)
1736266749.175311 sending message 112 to peer 0x563e0bf31400 (12 bytes)
1736266749.175341 sending message 112 to peer 0x563e0bf31400 (12 bytes)
1736266749.175366 sending message 112 to peer 0x563e0bf31400 (10 bytes)
1736266749.175394 sending message 112 to peer 0x563e0bf31400 (10 bytes)
1736266749.175417 sending message 112 to peer 0x563e0bf31400 (10 bytes)
1736266749.175439 sending message 112 to peer 0x563e0bf31400 (12 bytes)
1736266749.175463 sending message 112 to peer 0x563e0bf31400 (13 bytes)
1736266749.175486 sending message 112 to peer 0x563e0bf31400 (13 bytes)
1736266749.175509 sending message 112 to peer 0x563e0bf31400 (13 bytes)
1736266749.175532 sending message 112 to peer 0x563e0bf31400 (13 bytes)
1736266749.175559 sending message 112 to peer 0x563e0bf31400 (13 bytes)
1736266749.175587 sending message 112 to peer 0x563e0bf31400 (10 bytes)
1736266749.175614 sending message 112 to peer 0x563e0bf31400 (11 bytes)
1736266749.175661 sending message 112 to peer 0x563e0bf31400 (12 bytes)
1736266749.175699 sending message 112 to peer 0x563e0bf31400 (12 bytes)
1736266749.175720 sending message 112 to peer 0x563e0bf31400 (12 bytes)
1736266749.175735 sending message 112 to peer 0x563e0bf31400 (12 bytes)
1736266749.175750 sending message 112 to peer 0x563e0bf31400 (12 bytes)
1736266749.175763 sending message 112 to peer 0x563e0bf31400 (11 bytes)
1736266749.175776 sending message 112 to peer 0x563e0bf31400 (12 bytes)
1736266749.175790 sending message 112 to peer 0x563e0bf31400 (12 bytes)
1736266749.175803 sending message 112 to peer 0x563e0bf31400 (13 bytes)
1736266749.175818 sending message 112 to peer 0x563e0bf31400 (13 bytes)
1736266749.175832 sending message 112 to peer 0x563e0bf31400 (13 bytes)
1736266749.175846 sending message 112 to peer 0x563e0bf31400 (13 bytes)
1736266749.175861 sending message 112 to peer 0x563e0bf31400 (13 bytes)
1736266749.175874 sending message 112 to peer 0x563e0bf31400 (10 bytes)
1736266749.175888 sending message 112 to peer 0x563e0bf31400 (9 bytes)
1736266749.175903 sending message 112 to peer 0x563e0bf31400 (12 bytes)
1736266749.175917 sending message 112 to peer 0x563e0bf31400 (13 bytes)
1736266749.175931 sending message 112 to peer 0x563e0bf31400 (13 bytes)
1736266749.175944 sending message 112 to peer 0x563e0bf31400 (13 bytes)
1736266749.175958 sending message 112 to peer 0x563e0bf31400 (13 bytes)
1736266749.175973 sending message 112 to peer 0x563e0bf31400 (13 bytes)
1736266749.175987 sending message 112 to peer 0x563e0bf31400 (9 bytes)
1736266749.176002 sending message 112 to peer 0x563e0bf31400 (12 bytes)
1736266749.176037 sending message 112 to peer 0x563e0bf31400 (13 bytes)
1736266749.176052 sending message 112 to peer 0x563e0bf31400 (13 bytes)
1736266749.176065 sending message 112 to peer 0x563e0bf31400 (13 bytes)
1736266749.176078 sending message 112 to peer 0x563e0bf31400 (13 bytes)
1736266749.176091 sending message 112 to peer 0x563e0bf31400 (13 bytes)
1736266749.176104 sending message 112 to peer 0x563e0bf31400 (11 bytes)
1736266749.176117 sending message 112 to peer 0x563e0bf31400 (12 bytes)
1736266749.176130 sending message 112 to peer 0x563e0bf31400 (13 bytes)
1736266749.176142 sending message 112 to peer 0x563e0bf31400 (13 bytes)
1736266749.176155 sending message 112 to peer 0x563e0bf31400 (13 bytes)
1736266749.176168 sending message 112 to peer 0x563e0bf31400 (13 bytes)
1736266749.176181 sending message 112 to peer 0x563e0bf31400 (13 bytes)
1736266749.176193 sending message 112 to peer 0x563e0bf31400 (11 bytes)
1736266749.176206 sending message 112 to peer 0x563e0bf31400 (12 bytes)
1736266749.176232 sending message 112 to peer 0x563e0bf31400 (12 bytes)
1736266749.176246 sending message 112 to peer 0x563e0bf31400 (12 bytes)
1736266749.176258 sending message 112 to peer 0x563e0bf31400 (12 bytes)
1736266749.176271 sending message 112 to peer 0x563e0bf31400 (12 bytes)
1736266749.176284 sending message 112 to peer 0x563e0bf31400 (21 bytes)
1736266749.176297 sending message 112 to peer 0x563e0bf31400 (12 bytes)
1736266749.176309 sending message 112 to peer 0x563e0bf31400 (9 bytes)
1736266749.176322 sending message 112 to peer 0x563e0bf31400 (6 bytes)
1736266749.176335 sending message 112 to peer 0x563e0bf31400 (13 bytes)
1736266749.176348 sending message 112 to peer 0x563e0bf31400 (10 bytes)
1736266749.176361 sending message 112 to peer 0x563e0bf31400 (24 bytes)
1736266749.176374 sending message 112 to peer 0x563e0bf31400 (13 bytes)
1736266749.176386 sending message 112 to peer 0x563e0bf31400 (9 bytes)
1736266749.176400 sending message 112 to peer 0x563e0bf31400 (70 bytes)
1736266749.176413 sending message 112 to peer 0x563e0bf31400 (69 bytes)
1736266749.176426 sending message 112 to peer 0x563e0bf31400 (12 bytes)
1736266749.176447 sending message 112 to peer 0x563e0bf31400 (10 bytes)
1736266749.176460 sending message 112 to peer 0x563e0bf31400 (10 bytes)
1736266749.176473 sending message 112 to peer 0x563e0bf31400 (24 bytes)
1736266749.176486 sending message 112 to peer 0x563e0bf31400 (13 bytes)
1736266749.176499 sending message 112 to peer 0x563e0bf31400 (10 bytes)
1736266749.176512 sending message 112 to peer 0x563e0bf31400 (10 bytes)
1736266749.176524 sending message 112 to peer 0x563e0bf31400 (10 bytes)
1736266749.176537 sending message 112 to peer 0x563e0bf31400 (13 bytes)
1736266749.176550 sending message 112 to peer 0x563e0bf31400 (15 bytes)
1736266749.176562 sending message 112 to peer 0x563e0bf31400 (5 bytes)
1736266749.176581 sending message 104 to peer 0x563e0bf31400 (0 bytes)
1736266749.176598 sending message 110 to peer 0x563e0bf31400 (0 bytes)
1736266749.176616 sending message 107 to peer 0x563e0bf31400 (4 bytes)
1736266749.176630 sending message 105 to peer 0x563e0bf31400 (16 bytes)
1736266749.176644 sending message 105 to peer 0x563e0bf31400 (18 bytes)
1736266749.176658 sending message 105 to peer 0x563e0bf31400 (19 bytes)
1736266749.176679 sending message 105 to peer 0x563e0bf31400 (20 bytes)
1736266749.176693 sending message 105 to peer 0x563e0bf31400 (17 bytes)
1736266749.176707 sending message 105 to peer 0x563e0bf31400 (41 bytes)
1736266749.176720 sending message 105 to peer 0x563e0bf31400 (58 bytes)
1736266749.176733 sending message 105 to peer 0x563e0bf31400 (19 bytes)
1736266749.176746 sending message 105 to peer 0x563e0bf31400 (15 bytes)
1736266749.176758 sending message 105 to peer 0x563e0bf31400 (41 bytes)
1736266749.176771 sending message 105 to peer 0x563e0bf31400 (23 bytes)
1736266749.176784 sending message 105 to peer 0x563e0bf31400 (20 bytes)
1736266749.176798 sending message 105 to peer 0x563e0bf31400 (20 bytes)
1736266749.176810 sending message 105 to peer 0x563e0bf31400 (19 bytes)
1736266749.176833 sending message 105 to peer 0x563e0bf31400 (24 bytes)
1736266749.176846 sending message 105 to peer 0x563e0bf31400 (28 bytes)
1736266749.176859 sending message 105 to peer 0x563e0bf31400 (15 bytes)
1736266749.176872 sending message 105 to peer 0x563e0bf31400 (31 bytes)
1736266749.176885 sending message 105 to peer 0x563e0bf31400 (24 bytes)
1736266749.176906 sending message 105 to peer 0x563e0bf31400 (23 bytes)
1736266749.176919 sending message 105 to peer 0x563e0bf31400 (16 bytes)
1736266749.176931 sending message 105 to peer 0x563e0bf31400 (27 bytes)
1736266749.176944 sending message 105 to peer 0x563e0bf31400 (21 bytes)
1736266749.176957 sending message 105 to peer 0x563e0bf31400 (52 bytes)
1736266749.176970 sending message 105 to peer 0x563e0bf31400 (37 bytes)
1736266749.176983 sending message 105 to peer 0x563e0bf31400 (51 bytes)
1736266749.176996 sending message 105 to peer 0x563e0bf31400 (15 bytes)
1736266749.177009 sending message 105 to peer 0x563e0bf31400 (19 bytes)
1736266749.177022 sending message 105 to peer 0x563e0bf31400 (21 bytes)
1736266749.177034 sending message 105 to peer 0x563e0bf31400 (17 bytes)
1736266749.177048 sending message 105 to peer 0x563e0bf31400 (1519 bytes)
1736266749.177129 sending message 105 to peer 0x563e0bf31400 (23 bytes)
1736266749.177144 sending message 105 to peer 0x563e0bf31400 (20 bytes)
1736266749.177158 sending message 105 to peer 0x563e0bf31400 (52 bytes)
1736266749.177171 sending message 105 to peer 0x563e0bf31400 (23 bytes)
1736266749.177184 sending message 105 to peer 0x563e0bf31400 (38 bytes)
1736266749.177197 sending message 105 to peer 0x563e0bf31400 (58 bytes)
1736266749.177211 sending message 105 to peer 0x563e0bf31400 (34 bytes)
1736266749.177224 sending message 105 to peer 0x563e0bf31400 (23 bytes)
1736266749.177237 sending message 105 to peer 0x563e0bf31400 (27 bytes)
1736266749.177250 sending message 105 to peer 0x563e0bf31400 (20 bytes)
1736266749.177263 sending message 105 to peer 0x563e0bf31400 (30 bytes)
1736266749.177276 sending message 105 to peer 0x563e0bf31400 (32 bytes)
1736266749.177290 sending message 105 to peer 0x563e0bf31400 (13 bytes)
1736266749.177303 sending message 105 to peer 0x563e0bf31400 (11 bytes)
1736266749.177316 sending message 105 to peer 0x563e0bf31400 (8 bytes)
1736266749.177330 sending message 105 to peer 0x563e0bf31400 (25 bytes)
1736266749.177343 sending message 105 to peer 0x563e0bf31400 (18 bytes)
1736266749.177356 sending message 105 to peer 0x563e0bf31400 (27 bytes)
1736266749.177369 sending message 105 to peer 0x563e0bf31400 (11 bytes)
1736266749.177382 sending message 105 to peer 0x563e0bf31400 (18 bytes)
1736266749.177395 sending message 105 to peer 0x563e0bf31400 (31 bytes)
1736266749.177409 sending message 105 to peer 0x563e0bf31400 (32 bytes)
1736266749.177422 sending message 105 to peer 0x563e0bf31400 (30 bytes)
1736266749.177435 sending message 105 to peer 0x563e0bf31400 (159 bytes)
1736266749.177450 sending message 105 to peer 0x563e0bf31400 (378 bytes)
1736266749.177464 sending message 105 to peer 0x563e0bf31400 (41 bytes)
1736266749.177477 sending message 105 to peer 0x563e0bf31400 (14 bytes)
1736266749.177491 sending message 105 to peer 0x563e0bf31400 (54 bytes)
1736266749.177504 sending message 105 to peer 0x563e0bf31400 (29 bytes)
1736266749.177517 sending message 105 to peer 0x563e0bf31400 (23 bytes)
1736266749.177530 sending message 105 to peer 0x563e0bf31400 (21 bytes)
1736266749.177544 sending message 105 to peer 0x563e0bf31400 (16 bytes)
1736266749.177557 sending message 106 to peer 0x563e0bf31400 (0 bytes)
1736266749.177583 sending message 200 to peer 0x563e0bf31400 (4 bytes)
1736266749.177597 client loop enter
1736266749.185511 peer 0x563e0bf31400 message 207
1736266749.185553 sending message 208 to peer 0x563e0bf31400 (0 bytes)
1736266752.309955 peer 0x563e0bf31400 message 201
1736266752.310030 sending message 205 to peer 0x563e0bf31400 (0 bytes)
1736266752.312495 peer 0x563e0bf31400 message 204
1736266752.312570 client loop exit
